<?xml version="1.0" encoding="UTF-8"?>
<!-- Generated by org.testng.reporters.JUnitReportReporter -->
<testsuite hostname="NSPHCFTYSQ3" failures="0" tests="1" name="TestNG.AmaysimQA" time="50.147" errors="0" timestamp="2025-01-14T15:55:57 SGT" skipped="0">
  <testcase classname="TestNG.AmaysimQA" name="QA_Amaysim_CR_PA_01" time="50.147"/>
</testsuite> <!-- TestNG.AmaysimQA -->
